<?xml version="1.0" encoding="UTF-8"?>
<testng-results total="1" passed="1" failed="0" skipped="0">
  <reporter-output>
  </reporter-output>
  <suite started-at="2024-12-22T21:28:30Z" name="Suite" finished-at="2024-12-22T21:28:42Z" duration-ms="12174">
    <groups>
    </groups>
    <test started-at="2024-12-22T21:28:30Z" name="Test" finished-at="2024-12-22T21:28:42Z" duration-ms="12174">
      <class name="com.selenium.AssignmentL2_2.AssignmentTwo">
        <test-method is-config="true" signature="launchURL()[pri:0, instance:com.selenium.AssignmentL2_2.AssignmentTwo@7c24b813]" started-at="2024-12-22T15:28:30Z" name="launchURL" finished-at="2024-12-22T15:28:36Z" duration-ms="5733" status="PASS">
          <reporter-output>
          </reporter-output>
        </test-method> <!-- launchURL -->
        <test-method signature="shouldAnswerWithTrue()[pri:0, instance:com.selenium.AssignmentL2_2.AssignmentTwo@7c24b813]" started-at="2024-12-22T15:28:36Z" name="shouldAnswerWithTrue" finished-at="2024-12-22T15:28:42Z" duration-ms="6168" status="PASS">
          <reporter-output>
          </reporter-output>
        </test-method> <!-- shouldAnswerWithTrue -->
        <test-method is-config="true" signature="tearDownURL()[pri:0, instance:com.selenium.AssignmentL2_2.AssignmentTwo@7c24b813]" started-at="2024-12-22T15:28:42Z" name="tearDownURL" finished-at="2024-12-22T15:28:42Z" duration-ms="264" status="PASS">
          <reporter-output>
          </reporter-output>
        </test-method> <!-- tearDownURL -->
      </class> <!-- com.selenium.AssignmentL2_2.AssignmentTwo -->
    </test> <!-- Test -->
  </suite> <!-- Suite -->
</testng-results>
